<?xml version="1.0" encoding="UTF-8"?>
<!-- Generated by org.testng.reporters.JUnitReportReporter -->
<testsuite hostname="FCU-NBK500" failures="0" tests="3" name="de.alain.FreelancerDe.testCase.TestCases" time="93.215" errors="0" timestamp="2021-02-02T13:29:30 CET" skipped="0">
  <testcase classname="de.alain.FreelancerDe.testCase.TestCases" name="prozessLogikAbwicklung" time="44.547"/>
  <system-out/>
  <testcase classname="de.alain.FreelancerDe.testCase.TestCases" name="prozessLogikAbwicklung" time="9.932"/>
  <system-out/>
  <testcase classname="de.alain.FreelancerDe.testCase.TestCases" name="prozessLogikAbwicklung" time="38.736"/>
  <system-out/>
</testsuite> <!-- de.alain.FreelancerDe.testCase.TestCases -->
