<?xml version="1.0" encoding="UTF-8"?>
<!-- Generated by org.testng.reporters.JUnitReportReporter -->
<testsuite hostname="FCU-NBK500" failures="0" tests="3" name="de.alain.FreelancerDe.testCase.TestCases" time="69.242" errors="0" timestamp="2021-02-12T10:39:21 CET" skipped="0">
  <testcase classname="de.alain.FreelancerDe.testCase.TestCases" name="prozessLogikAbwicklung" time="41.753"/>
  <system-out/>
  <testcase classname="de.alain.FreelancerDe.testCase.TestCases" name="prozessLogikAbwicklung" time="22.916"/>
  <system-out/>
  <testcase classname="de.alain.FreelancerDe.testCase.TestCases" name="prozessLogikAbwicklung" time="4.573"/>
  <system-out/>
</testsuite> <!-- de.alain.FreelancerDe.testCase.TestCases -->
