<?xml version="1.0" encoding="UTF-8"?>
<!-- Generated by org.testng.reporters.JUnitReportReporter -->
<testsuite hostname="FCU-NBK500" failures="0" tests="3" name="de.alain.FreelancerDe.testCase.TestCases" time="99.456" errors="0" timestamp="2021-01-29T14:44:11 CET" skipped="0">
  <testcase classname="de.alain.FreelancerDe.testCase.TestCases" name="prozessLogikAbwicklung" time="41.077"/>
  <system-out/>
  <testcase classname="de.alain.FreelancerDe.testCase.TestCases" name="prozessLogikAbwicklung" time="38.614"/>
  <system-out/>
  <testcase classname="de.alain.FreelancerDe.testCase.TestCases" name="prozessLogikAbwicklung" time="19.765"/>
  <system-out/>
</testsuite> <!-- de.alain.FreelancerDe.testCase.TestCases -->
