<?xml version="1.0" encoding="UTF-8"?>
<!-- Generated by org.testng.reporters.JUnitReportReporter -->
<testsuite hostname="FCU-NBK500" failures="0" tests="3" name="de.alain.FreelancerDe.testCase.TestCases" time="88.587" errors="0" timestamp="2021-02-02T16:06:02 CET" skipped="0">
  <testcase classname="de.alain.FreelancerDe.testCase.TestCases" name="prozessLogikAbwicklung" time="42.646"/>
  <system-out/>
  <testcase classname="de.alain.FreelancerDe.testCase.TestCases" name="prozessLogikAbwicklung" time="35.713"/>
  <system-out/>
  <testcase classname="de.alain.FreelancerDe.testCase.TestCases" name="prozessLogikAbwicklung" time="10.228"/>
  <system-out/>
</testsuite> <!-- de.alain.FreelancerDe.testCase.TestCases -->
